{
  "stats": {
    "suites": 88,
    "tests": 198,
    "passes": 198,
    "pending": 0,
    "failures": 0,
    "start": "2022-10-20T09:08:48.904Z",
    "end": "2022-10-20T09:08:58.743Z",
    "duration": 9839,
    "testsRegistered": 220,
    "passPercent": 90,
    "pendingPercent": 0,
    "other": 0,
    "hasOther": false,
    "skipped": 22,
    "hasSkipped": true
  },
  "results": [
    {
      "uuid": "5459cb88-d1ab-432e-96a9-612733d36ef8",
      "title": "",
      "fullFile": "",
      "file": "",
      "beforeHooks": [],
      "afterHooks": [
        {
          "title": "\"after each\" hook in \"{root}\"",
          "fullTitle": "\"after each\" hook in \"{root}\"",
          "timedOut": false,
          "duration": 0,
          "state": null,
          "speed": null,
          "pass": false,
          "fail": false,
          "pending": false,
          "context": null,
          "code": "getPlatformStub === null || getPlatformStub === void 0 ? void 0 : getPlatformStub.restore();",
          "err": {},
          "uuid": "6aff0b35-b92c-4920-a7da-cf2aad4ff7b8",
          "parentUUID": "5459cb88-d1ab-432e-96a9-612733d36ef8",
          "isHook": true,
          "skipped": false
        },
        {
          "title": "\"after each\" hook in \"{root}\"",
          "fullTitle": "\"after each\" hook in \"{root}\"",
          "timedOut": false,
          "duration": 0,
          "state": null,
          "speed": null,
          "pass": false,
          "fail": false,
          "pending": false,
          "context": null,
          "code": "if (appLauncherTest) {\n    projectsStorage_1.ProjectsStorage.delFolder(appLauncherTest.getWorkspaceFolder());\n}\nrn_extension_1.deactivate();",
          "err": {},
          "uuid": "9d077d48-91bc-464c-bff8-ef17aaca29a4",
          "parentUUID": "5459cb88-d1ab-432e-96a9-612733d36ef8",
          "isHook": true,
          "skipped": false
        },
        {
          "title": "\"after each\" hook in \"{root}\"",
          "fullTitle": "\"after each\" hook in \"{root}\"",
          "timedOut": false,
          "duration": 0,
          "state": null,
          "speed": null,
          "pass": false,
          "fail": false,
          "pending": false,
          "context": null,
          "code": "fsHelper.removePathRecursivelySync(path.join(sampleReactNativeProjectDir, NODE_MODULES_FOLDER));\nif (appLauncherTest) {\n    projectsStorage_1.ProjectsStorage.delFolder(appLauncherTest.getWorkspaceFolder());\n}\nrn_extension_1.deactivate();",
          "err": {},
          "uuid": "7a8b62af-ac0f-480b-9704-8c5e8b1d21a9",
          "parentUUID": "5459cb88-d1ab-432e-96a9-612733d36ef8",
          "isHook": true,
          "skipped": false
        },
        {
          "title": "\"after each\" hook in \"{root}\"",
          "fullTitle": "\"after each\" hook in \"{root}\"",
          "timedOut": false,
          "duration": 0,
          "state": null,
          "speed": null,
          "pass": false,
          "fail": false,
          "pending": false,
          "context": null,
          "code": "fsHelper.removePathRecursivelySync(sampleTestProjectDir);\nif (appLauncherTest) {\n    projectsStorage_1.ProjectsStorage.delFolder(appLauncherTest.getWorkspaceFolder());\n}",
          "err": {},
          "uuid": "1b8f0dc1-276b-4083-849a-e663212d5542",
          "parentUUID": "5459cb88-d1ab-432e-96a9-612733d36ef8",
          "isHook": true,
          "skipped": false
        },
        {
          "title": "\"after each\" hook in \"{root}\"",
          "fullTitle": "\"after each\" hook in \"{root}\"",
          "timedOut": false,
          "duration": 0,
          "state": null,
          "speed": null,
          "pass": false,
          "fail": false,
          "pending": false,
          "context": null,
          "code": "fsHelper.removePathRecursivelySync(innerProjectDir);",
          "err": {},
          "uuid": "8ddba82f-42d7-430b-b968-956894153cca",
          "parentUUID": "5459cb88-d1ab-432e-96a9-612733d36ef8",
          "isHook": true,
          "skipped": false
        }
      ],
      "tests": [
        {
          "title": "should succeed on correct env",
          "fullTitle": "should succeed on correct env",
          "timedOut": false,
          "duration": 1,
          "state": "passed",
          "speed": "fast",
          "pass": true,
          "fail": false,
          "pending": false,
          "context": null,
          "code": "__awaiter(this, void 0, void 0, function* () {\n                const tempdir = yield fs_1.promises.mkdtemp(path.join(os.tmpdir(), \"foo\"));\n                setEnv(tempdir);\n                const result = yield envTest();\n                assert(result.status === \"success\");\n                restoreEnv();\n            })",
          "err": {},
          "uuid": "810081e1-6f94-4538-b4f7-cf686b5c6b7f",
          "parentUUID": "5459cb88-d1ab-432e-96a9-612733d36ef8",
          "isHook": false,
          "skipped": false
        },
        {
          "title": "should fail on non existant path",
          "fullTitle": "should fail on non existant path",
          "timedOut": false,
          "duration": 0,
          "state": "passed",
          "speed": "fast",
          "pass": true,
          "fail": false,
          "pending": false,
          "context": null,
          "code": "__awaiter(this, void 0, void 0, function* () {\n                setEnv(\"/non-existant-path-abcd\");\n                const result = yield envTest();\n                assert(result.status === \"failure\");\n                restoreEnv();\n            })",
          "err": {},
          "uuid": "2afc5107-6614-4325-ae75-f36953d77819",
          "parentUUID": "5459cb88-d1ab-432e-96a9-612733d36ef8",
          "isHook": false,
          "skipped": false
        },
        {
          "title": "should succeed on path with env values",
          "fullTitle": "should succeed on path with env values",
          "timedOut": false,
          "duration": 0,
          "state": "passed",
          "speed": "fast",
          "pass": true,
          "fail": false,
          "pending": false,
          "context": null,
          "code": "__awaiter(this, void 0, void 0, function* () {\n                const varName = \"some-weired-variable-abcd\";\n                const tempDir = yield fs_1.promises.mkdtemp(path.join(os.tmpdir(), \"foo\"));\n                yield fs_1.promises.mkdir(path.join(tempDir, \"bar\"));\n                process.env[varName] = \"bar\";\n                setEnv(`${tempDir}/%${varName}%`);\n                const result = yield envTest();\n                assert(result.status === \"partial-success\");\n                restoreEnv();\n                delete process.env[varName];\n            })",
          "err": {},
          "uuid": "28f91e7c-666e-4ea4-bef9-104fafa13eb1",
          "parentUUID": "5459cb88-d1ab-432e-96a9-612733d36ef8",
          "isHook": false,
          "skipped": false
        }
      ],
      "suites": [
        {
          "uuid": "28bdb607-850f-4175-a866-5bff7cbf9974",
          "title": "reactNativeCDPProxy",
          "fullFile": "/home/vsts/work/1/s/test/cdp-proxy/reactNativeCDPProxy.test.js",
          "file": "/test/cdp-proxy/reactNativeCDPProxy.test.js",
          "beforeHooks": [
            {
              "title": "\"before all\" hook in \"reactNativeCDPProxy\"",
              "fullTitle": "reactNativeCDPProxy \"before all\" hook in \"reactNativeCDPProxy\"",
              "timedOut": false,
              "duration": 1066,
              "state": null,
              "speed": null,
              "pass": false,
              "fail": false,
              "pending": false,
              "context": null,
              "code": "__awaiter(this, void 0, void 0, function* () {\n        proxy.setApplicationTargetPort(wsTargetPort);\n        yield proxy.initializeServer(new rnCDPMessageHandler_1.RnCDPMessageHandler(), cdpProxyLogLevel);\n        const server = yield vscode_cdp_proxy_1.Server.create({ host: \"localhost\", port: wsTargetPort });\n        wsTargetServer = server;\n        server.onConnection(([connection, request]) => {\n            targetConnection = connection;\n        });\n        const proxyUri = yield new debuggerEndpointHelper_1.DebuggerEndpointHelper().getWSEndpoint(`http://${cdpProxyHostAddress}:${cdpProxyPort}`);\n        debugConnection = new vscode_cdp_proxy_1.Connection(yield vscode_cdp_proxy_1.WebSocketTransport.create(proxyUri));\n        // Due to the time limit, sooner or later this cycle will end\n        yield promise_1.PromiseUtil.waitUntil(() => !!targetConnection, 1000, 5000);\n    })",
              "err": {},
              "uuid": "e0391339-e862-42f1-8cab-498b80517fd1",
              "parentUUID": "28bdb607-850f-4175-a866-5bff7cbf9974",
              "isHook": true,
              "skipped": false
            }
          ],
          "afterHooks": [
            {
              "title": "\"after all\" hook in \"reactNativeCDPProxy\"",
              "fullTitle": "reactNativeCDPProxy \"after all\" hook in \"reactNativeCDPProxy\"",
              "timedOut": false,
              "duration": 1,
              "state": null,
              "speed": null,
              "pass": false,
              "fail": false,
              "pending": false,
              "context": null,
              "code": "if (targetConnection) {\n    targetConnection.close();\n    targetConnection = null;\n}\nif (debugConnection) {\n    debugConnection.close();\n    debugConnection = null;\n}\nproxy.stopServer();\nif (wsTargetServer) {\n    wsTargetServer.dispose();\n    wsTargetServer = null;\n}",
              "err": {},
              "uuid": "f7cb5823-7660-4938-b9b0-6a20f9d7aee2",
              "parentUUID": "28bdb607-850f-4175-a866-5bff7cbf9974",
              "isHook": true,
              "skipped": false
            }
          ],
          "tests": [],
          "suites": [
            {
              "uuid": "ac1e7d11-229e-48ea-91ce-e51aeac8a72e",
              "title": "MessageHandlers",
              "fullFile": "/home/vsts/work/1/s/test/cdp-proxy/reactNativeCDPProxy.test.js",
              "file": "/test/cdp-proxy/reactNativeCDPProxy.test.js",
              "beforeHooks": [],
              "afterHooks": [],
              "tests": [],
              "suites": [
                {
                  "uuid": "7a8120e0-481e-4411-b754-567b6f2cb3e1",
                  "title": "RnCDPMessageHandler",
                  "fullFile": "/home/vsts/work/1/s/test/cdp-proxy/reactNativeCDPProxy.test.js",
                  "file": "/test/cdp-proxy/reactNativeCDPProxy.test.js",
                  "beforeHooks": [
                    {
                      "title": "\"before all\" hook in \"RnCDPMessageHandler\"",
                      "fullTitle": "reactNativeCDPProxy MessageHandlers RnCDPMessageHandler \"before all\" hook in \"RnCDPMessageHandler\"",
                      "timedOut": false,
                      "duration": 0,
                      "state": null,
                      "speed": null,
                      "pass": false,
                      "fail": false,
                      "pending": false,
                      "context": null,
                      "code": "__awaiter(this, void 0, void 0, function* () {\n                rnHandler = new rnCDPMessageHandler_1.RnCDPMessageHandler();\n                Object.assign(proxy, { CDPMessageHandler: rnHandler });\n            })",
                      "err": {},
                      "uuid": "ffe66bc2-bb04-472f-aa42-2a9bb35039f7",
                      "parentUUID": "7a8120e0-481e-4411-b754-567b6f2cb3e1",
                      "isHook": true,
                      "skipped": false
                    }
                  ],
                  "afterHooks": [],
                  "tests": [
                    {
                      "title": "Messages should be delivered correctly with RnCDPMessageHandler",
                      "fullTitle": "reactNativeCDPProxy MessageHandlers RnCDPMessageHandler Messages should be delivered correctly with RnCDPMessageHandler",
                      "timedOut": false,
                      "duration": 14,
                      "state": "passed",
                      "speed": "fast",
                      "pass": true,
                      "fail": false,
                      "pending": false,
                      "context": null,
                      "code": "__awaiter(this, void 0, void 0, function* () {\n                const targetMessageStart = { method: \"Target.start\", params: { reason: \"test\" } };\n                const debuggerMessageStart = {\n                    method: \"Debugger.start\",\n                    params: { reason: \"test\" },\n                };\n                const messageFromTarget = yield getMessageFromTarget(targetMessageStart);\n                const messageFromDebugger = yield getMessageFromDebugger(debuggerMessageStart);\n                assert.deepStrictEqual(messageFromTarget, targetMessageStart);\n                assert.deepStrictEqual(messageFromDebugger, debuggerMessageStart);\n            })",
                      "err": {},
                      "uuid": "54de12b6-9d4b-4811-8259-0e1f2f5a0e77",
                      "parentUUID": "7a8120e0-481e-4411-b754-567b6f2cb3e1",
                      "isHook": false,
                      "skipped": false
                    },
                    {
                      "title": "Message from target with method 'Debugger.paused' in first time should transorm reason to 'Break on start'",
                      "fullTitle": "reactNativeCDPProxy MessageHandlers RnCDPMessageHandler Message from target with method 'Debugger.paused' in first time should transorm reason to 'Break on start'",
                      "timedOut": false,
                      "duration": 1,
                      "state": "passed",
                      "speed": "fast",
                      "pass": true,
                      "fail": false,
                      "pending": false,
                      "context": null,
                      "code": "__awaiter(this, void 0, void 0, function* () {\n                const targetMessagePaused = {\n                    method: CDPAPINames_1.CDP_API_NAMES.DEBUGGER_PAUSED,\n                    params: { reason: \"other\" },\n                };\n                const messageFromTarget = yield getMessageFromTarget(targetMessagePaused);\n                targetMessagePaused.params.reason = \"Break on start\";\n                assert.deepStrictEqual(messageFromTarget, targetMessagePaused);\n            })",
                      "err": {},
                      "uuid": "b37c87e8-4952-428e-9f9d-00d04a8c7744",
                      "parentUUID": "7a8120e0-481e-4411-b754-567b6f2cb3e1",
                      "isHook": false,
                      "skipped": false
                    }
                  ],
                  "suites": [],
                  "passes": [
                    "54de12b6-9d4b-4811-8259-0e1f2f5a0e77",
                    "b37c87e8-4952-428e-9f9d-00d04a8c7744"
                  ],
                  "failures": [],
                  "pending": [],
                  "skipped": [],
                  "duration": 15,
                  "root": false,
                  "rootEmpty": false,
                  "_timeout": 5000
                },
                {
                  "uuid": "759db3b6-615b-4a34-8fb4-225a835aa8e4",
                  "title": "HermesCDPMessageHandler",
                  "fullFile": "/home/vsts/work/1/s/test/cdp-proxy/reactNativeCDPProxy.test.js",
                  "file": "/test/cdp-proxy/reactNativeCDPProxy.test.js",
                  "beforeHooks": [
                    {
                      "title": "\"before all\" hook in \"HermesCDPMessageHandler\"",
                      "fullTitle": "reactNativeCDPProxy MessageHandlers HermesCDPMessageHandler \"before all\" hook in \"HermesCDPMessageHandler\"",
                      "timedOut": false,
                      "duration": 0,
                      "state": null,
                      "speed": null,
                      "pass": false,
                      "fail": false,
                      "pending": false,
                      "context": null,
                      "code": "__awaiter(this, void 0, void 0, function* () {\n                directHandler = new hermesCDPMessageHandler_1.HermesCDPMessageHandler();\n                Object.assign(proxy, { CDPMessageHandler: directHandler });\n            })",
                      "err": {},
                      "uuid": "293b3e55-d8e0-47d6-aa13-ca04ba8bd1d8",
                      "parentUUID": "759db3b6-615b-4a34-8fb4-225a835aa8e4",
                      "isHook": true,
                      "skipped": false
                    }
                  ],
                  "afterHooks": [],
                  "tests": [
                    {
                      "title": "Messages should be delivered correctly with HermesCDPMessageHandler",
                      "fullTitle": "reactNativeCDPProxy MessageHandlers HermesCDPMessageHandler Messages should be delivered correctly with HermesCDPMessageHandler",
                      "timedOut": false,
                      "duration": 2,
                      "state": "passed",
                      "speed": "fast",
                      "pass": true,
                      "fail": false,
                      "pending": false,
                      "context": null,
                      "code": "__awaiter(this, void 0, void 0, function* () {\n                const targetMessageStart = { method: \"Target.start\", params: { reason: \"test\" } };\n                const debuggerMessageStart = {\n                    method: \"Debugger.start\",\n                    params: { reason: \"test\" },\n                };\n                const messageFromTarget = yield getMessageFromTarget(targetMessageStart);\n                const messageFromDebugger = yield getMessageFromDebugger(debuggerMessageStart);\n                assert.deepStrictEqual(messageFromTarget, targetMessageStart);\n                assert.deepStrictEqual(messageFromDebugger, debuggerMessageStart);\n            })",
                      "err": {},
                      "uuid": "956fb855-9709-4c45-b2b6-af63ad0f9719",
                      "parentUUID": "759db3b6-615b-4a34-8fb4-225a835aa8e4",
                      "isHook": false,
                      "skipped": false
                    },
                    {
                      "title": "Message from target with method 'Debugger.paused' should filter callFrames with Hermes Native function name and script id",
                      "fullTitle": "reactNativeCDPProxy MessageHandlers HermesCDPMessageHandler Message from target with method 'Debugger.paused' should filter callFrames with Hermes Native function name and script id",
                      "timedOut": false,
                      "duration": 1,
                      "state": "passed",
                      "speed": "fast",
                      "pass": true,
                      "fail": false,
                      "pending": false,
                      "context": null,
                      "code": "__awaiter(this, void 0, void 0, function* () {\n                const targetMessagePaused = {\n                    method: CDPAPINames_1.CDP_API_NAMES.DEBUGGER_PAUSED,\n                    params: {\n                        reason: \"other\",\n                        callFrames: cdpConstants_1.mockCallFrames,\n                    },\n                };\n                const messageFromTarget = yield getMessageFromTarget(targetMessagePaused);\n                const filteredCallFrames = cdpConstants_1.mockCallFrames.filter((callFrame) => callFrame.functionName !== cdpConstants_1.HERMES_NATIVE_FUNCTION_NAME &&\n                    callFrame.location.scriptId !== cdpConstants_1.HERMES_NATIVE_FUNCTION_SCRIPT_ID);\n                targetMessagePaused.params.callFrames = filteredCallFrames;\n                assert.deepStrictEqual(messageFromTarget, targetMessagePaused);\n            })",
                      "err": {},
                      "uuid": "6dec86a9-4d17-48b4-a6cf-c316ab228207",
                      "parentUUID": "759db3b6-615b-4a34-8fb4-225a835aa8e4",
                      "isHook": false,
                      "skipped": false
                    },
                    {
                      "title": "Message from target should add description for function result without description",
                      "fullTitle": "reactNativeCDPProxy MessageHandlers HermesCDPMessageHandler Message from target should add description for function result without description",
                      "timedOut": false,
                      "duration": 1,
                      "state": "passed",
                      "speed": "fast",
                      "pass": true,
                      "fail": false,
                      "pending": false,
                      "context": null,
                      "code": "__awaiter(this, void 0, void 0, function* () {\n                const targetMessage = {\n                    method: \"Target.test\",\n                    params: {\n                        reason: \"test\",\n                    },\n                    result: cdpConstants_1.mockResults,\n                };\n                const messageFromTarget = yield getMessageFromTarget(targetMessage);\n                targetMessage.result.result.forEach(resultObj => {\n                    if (resultObj.value &&\n                        resultObj.value.type === \"function\" &&\n                        !resultObj.value.description) {\n                        resultObj.value.description = \"function() { … }\";\n                    }\n                });\n                assert.deepStrictEqual(messageFromTarget, targetMessage);\n            })",
                      "err": {},
                      "uuid": "4709a82d-0378-4c2f-9d99-3fad98752268",
                      "parentUUID": "759db3b6-615b-4a34-8fb4-225a835aa8e4",
                      "isHook": false,
                      "skipped": false
                    },
                    {
                      "title": "Message from debugger with method Debugger.setBreakpoint should delete column number field from params.location",
                      "fullTitle": "reactNativeCDPProxy MessageHandlers HermesCDPMessageHandler Message from debugger with method Debugger.setBreakpoint should delete column number field from params.location",
                      "timedOut": false,
                      "duration": 1,
                      "state": "passed",
                      "speed": "fast",
                      "pass": true,
                      "fail": false,
                      "pending": false,
                      "context": null,
                      "code": "__awaiter(this, void 0, void 0, function* () {\n                const debuggerMessage = {\n                    method: CDPAPINames_1.CDP_API_NAMES.DEBUGGER_SET_BREAKPOINT,\n                    params: {\n                        reason: \"test\",\n                        location: {\n                            columnNumber: 15,\n                            rowNumber: 100,\n                        },\n                    },\n                };\n                const messageFromDebugger = yield getMessageFromDebugger(debuggerMessage);\n                delete debuggerMessage.params.location.columnNumber;\n                assert.deepStrictEqual(messageFromDebugger, debuggerMessage);\n            })",
                      "err": {},
                      "uuid": "966aa883-2a1a-44ee-8618-07dc213c9896",
                      "parentUUID": "759db3b6-615b-4a34-8fb4-225a835aa8e4",
                      "isHook": false,
                      "skipped": false
                    },
                    {
                      "title": "Message from debugger with method Runtime.callFunctionOn with Object.getOwnPropertyDescriptor in function declaration should return result based on message id and send back to debugger",
                      "fullTitle": "reactNativeCDPProxy MessageHandlers HermesCDPMessageHandler Message from debugger with method Runtime.callFunctionOn with Object.getOwnPropertyDescriptor in function declaration should return result based on message id and send back to debugger",
                      "timedOut": false,
                      "duration": 1,
                      "state": "passed",
                      "speed": "fast",
                      "pass": true,
                      "fail": false,
                      "pending": false,
                      "context": null,
                      "code": "__awaiter(this, void 0, void 0, function* () {\n                const debuggerMessage = {\n                    id: 1,\n                    method: CDPAPINames_1.CDP_API_NAMES.RUNTIME_CALL_FUNCTION_ON,\n                    params: {\n                        objectId: 2,\n                        reason: \"test\",\n                        functionDeclaration: [cdpConstants_1.ARRAY_REQUEST_PHRASE_MARKER, \"some other\"],\n                    },\n                };\n                let resultMessage = {\n                    result: {\n                        result: {\n                            objectId: debuggerMessage.params.objectId,\n                        },\n                    },\n                    id: debuggerMessage.id,\n                };\n                const messageFromDebugger = yield new Promise(resolve => {\n                    debugConnection === null || debugConnection === void 0 ? void 0 : debugConnection.send(debuggerMessage);\n                    debugConnection === null || debugConnection === void 0 ? void 0 : debugConnection.onReply((evt) => {\n                        resolve(evt);\n                    });\n                });\n                assert.deepStrictEqual(messageFromDebugger, resultMessage);\n            })",
                      "err": {},
                      "uuid": "67af1b48-2cd3-42b1-aa3c-73499f4fafda",
                      "parentUUID": "759db3b6-615b-4a34-8fb4-225a835aa8e4",
                      "isHook": false,
                      "skipped": false
                    }
                  ],
                  "suites": [],
                  "passes": [
                    "956fb855-9709-4c45-b2b6-af63ad0f9719",
                    "6dec86a9-4d17-48b4-a6cf-c316ab228207",
                    "4709a82d-0378-4c2f-9d99-3fad98752268",
                    "966aa883-2a1a-44ee-8618-07dc213c9896",
                    "67af1b48-2cd3-42b1-aa3c-73499f4fafda"
                  ],
                  "failures": [],
                  "pending": [],
                  "skipped": [],
                  "duration": 6,
                  "root": false,
                  "rootEmpty": false,
                  "_timeout": 5000
                }
              ],
              "passes": [],
              "failures": [],
              "pending": [],
              "skipped": [],
              "duration": 0,
              "root": false,
              "rootEmpty": false,
              "_timeout": 5000
            }
          ],
          "passes": [],
          "failures": [],
          "pending": [],
          "skipped": [],
          "duration": 0,
          "root": false,
          "rootEmpty": false,
          "_timeout": 5000
        },
        {
          "uuid": "158328a7-7c43-454a-8088-def064a73a70",
          "title": "errorHelper",
          "fullFile": "/home/vsts/work/1/s/test/common/error/errorHelper.test.js",
          "file": "/test/common/error/errorHelper.test.js",
          "beforeHooks": [],
          "afterHooks": [],
          "tests": [],
          "suites": [
            {
              "uuid": "690512d2-ea2f-4d7f-84a4-980259c35c22",
              "title": "commonContext",
              "fullFile": "/home/vsts/work/1/s/test/common/error/errorHelper.test.js",
              "file": "/test/common/error/errorHelper.test.js",
              "beforeHooks": [],
              "afterHooks": [],
              "tests": [
                {
                  "title": "internal error object with arguments should have correct NotAllSuccessPatternsMatched error message on English",
                  "fullTitle": "errorHelper commonContext internal error object with arguments should have correct NotAllSuccessPatternsMatched error message on English",
                  "timedOut": false,
                  "duration": 1,
                  "state": "passed",
                  "speed": "fast",
                  "pass": true,
                  "fail": false,
                  "pending": false,
                  "context": null,
                  "code": "assert.strictEqual(internalErrorWithArgs.message, 'Unknown error: not all success patterns were matched. \\n It means that \"react-native run-android\" command failed. \\n Please, check the View -> Toggle Output -> React Native, \\n View -> Toggle Output -> React Native: Run ios output windows. (error code 712)');\ndone();",
                  "err": {},
                  "uuid": "dd218d63-d8c1-4dc1-b0e0-a2c67e4f8cc7",
                  "parentUUID": "690512d2-ea2f-4d7f-84a4-980259c35c22",
                  "isHook": false,
                  "skipped": false
                },
                {
                  "title": "internal error object without arguments should have correct UnsupportedCommandStatus error message on English",
                  "fullTitle": "errorHelper commonContext internal error object without arguments should have correct UnsupportedCommandStatus error message on English",
                  "timedOut": false,
                  "duration": 0,
                  "state": "passed",
                  "speed": "fast",
                  "pass": true,
                  "fail": false,
                  "pending": false,
                  "context": null,
                  "code": "assert.strictEqual(internalErrorWithoutArgs.message, \"Unsupported command status (error code 112)\");\ndone();",
                  "err": {},
                  "uuid": "a0168857-19d2-42a7-a77b-bd761d2de468",
                  "parentUUID": "690512d2-ea2f-4d7f-84a4-980259c35c22",
                  "isHook": false,
                  "skipped": false
                },
                {
                  "title": "nested error object with arguments should have correct error message on English",
                  "fullTitle": "errorHelper commonContext nested error object with arguments should have correct error message on English",
                  "timedOut": false,
                  "duration": 0,
                  "state": "passed",
                  "speed": "fast",
                  "pass": true,
                  "fail": false,
                  "pending": false,
                  "context": null,
                  "code": "assert.strictEqual(nestedErrorWithArgs.message, \"Error while executing command 'Command failed with ES Error': Nested ES Error\");\ndone();",
                  "err": {},
                  "uuid": "d5094431-c644-450b-b560-47f5e78c3480",
                  "parentUUID": "690512d2-ea2f-4d7f-84a4-980259c35c22",
                  "isHook": false,
                  "skipped": false
                },
                {
                  "title": "warning object should have correct error message on English",
                  "fullTitle": "errorHelper commonContext warning object should have correct error message on English",
                  "timedOut": false,
                  "duration": 0,
                  "state": "passed",
                  "speed": "fast",
                  "pass": true,
                  "fail": false,
                  "pending": false,
                  "context": null,
                  "code": "assert.strictEqual(warning.errorCode, -1);\nassert.strictEqual(warning.message, \"Warning\");\ndone();",
                  "err": {},
                  "uuid": "aca7a546-9e09-4ec8-9d28-44868a8592a5",
                  "parentUUID": "690512d2-ea2f-4d7f-84a4-980259c35c22",
                  "isHook": false,
                  "skipped": false
                },
                {
                  "title": "nested warning object should have correct error message on English",
                  "fullTitle": "errorHelper commonContext nested warning object should have correct error message on English",
                  "timedOut": false,
                  "duration": 0,
                  "state": "passed",
                  "speed": "fast",
                  "pass": true,
                  "fail": false,
                  "pending": false,
                  "context": null,
                  "code": "assert.strictEqual(nestedWarning.errorCode, -1);\nassert.strictEqual(nestedWarning.message, \"Warning: Nested ES Error\");\ndone();",
                  "err": {},
                  "uuid": "22420fbb-62c8-4af7-871d-0eb6d2b3231a",
                  "parentUUID": "690512d2-ea2f-4d7f-84a4-980259c35c22",
                  "isHook": false,
                  "skipped": false
                }
              ],
              "suites": [],
              "passes": [
                "dd218d63-d8c1-4dc1-b0e0-a2c67e4f8cc7",
                "a0168857-19d2-42a7-a77b-bd761d2de468",
                "d5094431-c644-450b-b560-47f5e78c3480",
                "aca7a546-9e09-4ec8-9d28-44868a8592a5",
                "22420fbb-62c8-4af7-871d-0eb6d2b3231a"
              ],
              "failures": [],
              "pending": [],
              "skipped": [],
              "duration": 1,
              "root": false,
              "rootEmpty": false,
              "_timeout": 2000
            }
          ],
          "passes": [],
          "failures": [],
          "pending": [],
          "skipped": [],
          "duration": 0,
          "root": false,
          "rootEmpty": false,
          "_timeout": 2000
        },
        {
          "uuid": "952bcd03-609e-4751-ba08-a512d20137cf",
          "title": "logHelper",
          "fullFile": "/home/vsts/work/1/s/test/common/log.test.js",
          "file": "/test/common/log.test.js",
          "beforeHooks": [],
          "afterHooks": [],
          "tests": [],
          "suites": [
            {
              "uuid": "05cfee8d-23aa-46c1-98b6-f02321cd4aff",
              "title": "commonContext",
              "fullFile": "/home/vsts/work/1/s/test/common/log.test.js",
              "file": "/test/common/log.test.js",
              "beforeHooks": [
                {
                  "title": "\"before all\" hook in \"commonContext\"",
                  "fullTitle": "logHelper commonContext \"before all\" hook in \"commonContext\"",
                  "timedOut": false,
                  "duration": 0,
                  "state": null,
                  "speed": null,
                  "pass": false,
                  "fail": false,
                  "pending": false,
                  "context": null,
                  "code": "delete process.env.REACT_NATIVE_TOOLS_LOGS_DIR;",
                  "err": {},
                  "uuid": "fd5350fa-e06d-4a99-8304-1564a9323303",
                  "parentUUID": "05cfee8d-23aa-46c1-98b6-f02321cd4aff",
                  "isHook": true,
                  "skipped": false
                }
              ],
              "afterHooks": [
                {
                  "title": "\"after all\" hook in \"commonContext\"",
                  "fullTitle": "logHelper commonContext \"after all\" hook in \"commonContext\"",
                  "timedOut": false,
                  "duration": 0,
                  "state": null,
                  "speed": null,
                  "pass": false,
                  "fail": false,
                  "pending": false,
                  "context": null,
                  "code": "process.env.REACT_NATIVE_TOOLS_LOGS_DIR = REACT_NATIVE_TOOLS_LOGS_DIR;",
                  "err": {},
                  "uuid": "99782598-d9c6-45a9-b8ea-bf23c812d239",
                  "parentUUID": "05cfee8d-23aa-46c1-98b6-f02321cd4aff",
                  "isHook": true,
                  "skipped": false
                }
              ],
              "tests": [
                {
                  "title": "getLoggingDirectory should return null if env variable REACT_NATIVE_TOOLS_LOGS_DIR is not defined",
                  "fullTitle": "logHelper commonContext getLoggingDirectory should return null if env variable REACT_NATIVE_TOOLS_LOGS_DIR is not defined",
                  "timedOut": false,
                  "duration": 0,
                  "state": "passed",
                  "speed": "fast",
                  "pass": true,
                  "fail": false,
                  "pending": false,
                  "context": null,
                  "code": "let loggingDir = LogHelper_1.getLoggingDirectory();\nassert.strictEqual(loggingDir, null);\ndone();",
                  "err": {},
                  "uuid": "4b99aa22-5dd1-444c-9fb1-fcfff8ed95db",
                  "parentUUID": "05cfee8d-23aa-46c1-98b6-f02321cd4aff",
                  "isHook": false,
                  "skipped": false
                },
                {
                  "title": "getLoggingDirectory should return null if env variable REACT_NATIVE_TOOLS_LOGS_DIR is defined by relative path",
                  "fullTitle": "logHelper commonContext getLoggingDirectory should return null if env variable REACT_NATIVE_TOOLS_LOGS_DIR is defined by relative path",
                  "timedOut": false,
                  "duration": 0,
                  "state": "passed",
                  "speed": "fast",
                  "pass": true,
                  "fail": false,
                  "pending": false,
                  "context": null,
                  "code": "process.env.REACT_NATIVE_TOOLS_LOGS_DIR = \"./logs\";\nlet loggingDir = LogHelper_1.getLoggingDirectory();\nassert.strictEqual(loggingDir, null);\ndone();",
                  "err": {},
                  "uuid": "f8233c50-60f1-4ba4-9dad-b4808747ac6a",
                  "parentUUID": "05cfee8d-23aa-46c1-98b6-f02321cd4aff",
                  "isHook": false,
                  "skipped": false
                },
                {
                  "title": "getLoggingDirectory should return correct value if env variable REACT_NATIVE_TOOLS_LOGS_DIR is defined by absolute path",
                  "fullTitle": "logHelper commonContext getLoggingDirectory should return correct value if env variable REACT_NATIVE_TOOLS_LOGS_DIR is defined by absolute path",
                  "timedOut": false,
                  "duration": 0,
                  "state": "passed",
                  "speed": "fast",
                  "pass": true,
                  "fail": false,
                  "pending": false,
                  "context": null,
                  "code": "process.env.REACT_NATIVE_TOOLS_LOGS_DIR = path.join(__dirname, \"testFolder\");\nlet loggingDir = LogHelper_1.getLoggingDirectory();\nassert.strictEqual(loggingDir, process.env.REACT_NATIVE_TOOLS_LOGS_DIR);\nif (loggingDir) {\n    const checkDir = fs.existsSync(loggingDir);\n    if (checkDir) {\n        fs.rmdirSync(loggingDir);\n    }\n    else {\n        assert.fail(\"getLoggingDirectory did not create a directory\");\n    }\n}\nelse {\n    assert.fail(`${loggingDir} is not a correct path`);\n}\ndone();",
                  "err": {},
                  "uuid": "342544e7-d834-45d1-b1a9-72a2d11e9f3d",
                  "parentUUID": "05cfee8d-23aa-46c1-98b6-f02321cd4aff",
                  "isHook": false,
                  "skipped": false
                }
              ],
              "suites": [],
              "passes": [
                "4b99aa22-5dd1-444c-9fb1-fcfff8ed95db",
                "f8233c50-60f1-4ba4-9dad-b4808747ac6a",
                "342544e7-d834-45d1-b1a9-72a2d11e9f3d"
              ],
              "failures": [],
              "pending": [],
              "skipped": [],
              "duration": 0,
              "root": false,
              "rootEmpty": false,
              "_timeout": 2000
            }
          ],
          "passes": [],
          "failures": [],
          "pending": [],
          "skipped": [],
          "duration": 0,
          "root": false,
          "rootEmpty": false,
          "_timeout": 2000
        },
        {
          "uuid": "5863a437-65c3-473e-a506-348ce06e7de8",
          "title": "packageLoader",
          "fullFile": "/home/vsts/work/1/s/test/common/packageLoader.test.js",
          "file": "/test/common/packageLoader.test.js",
          "beforeHooks": [],
          "afterHooks": [],
          "tests": [],
          "suites": [
            {
              "uuid": "97e12760-f236-4833-bf09-b51f04889cea",
              "title": "localNodeModules",
              "fullFile": "/home/vsts/work/1/s/test/common/packageLoader.test.js",
              "file": "/test/common/packageLoader.test.js",
              "beforeHooks": [
                {
                  "title": "\"before all\" hook in \"localNodeModules\"",
                  "fullTitle": "packageLoader localNodeModules \"before all\" hook in \"localNodeModules\"",
                  "timedOut": false,
                  "duration": 43,
                  "state": null,
                  "speed": null,
                  "pass": false,
                  "fail": false,
                  "pending": false,
                  "context": null,
                  "code": "return __awaiter(this, void 0, void 0, function* () {\n    rimraf.sync(sampleProjectNodeModulesPath);\n    rimraf.sync(sampleProjectPackageLockJsonPath);\n    findFileInFolderHierarchyStub = sinon.stub(extensionHelper, \"findFileInFolderHierarchy\", () => {\n        return sampleProjectNodeModulesPath;\n    });\n    getVersionFromExtensionNodeModulesStub = sinon.stub(extensionHelper, \"getVersionFromExtensionNodeModules\", (packageName) => {\n        return getPackageVersionsFromNodeModules(sampleProjectPath, packageName);\n    });\n    tryToRequireAfterInstallSpy = sinon.spy(packageLoader_1.PackageLoader.getInstance(), \"tryToRequireAfterInstall\");\n});",
                  "err": {},
                  "uuid": "8bd9d824-7e9f-42a4-b045-126af3ec5d14",
                  "parentUUID": "97e12760-f236-4833-bf09-b51f04889cea",
                  "isHook": true,
                  "skipped": false
                }
              ],
              "afterHooks": [
                {
                  "title": "\"after all\" hook in \"localNodeModules\"",
                  "fullTitle": "packageLoader localNodeModules \"after all\" hook in \"localNodeModules\"",
                  "timedOut": false,
                  "duration": 1,
                  "state": null,
                  "speed": null,
                  "pass": false,
                  "fail": false,
                  "pending": false,
                  "context": null,
                  "code": "this.timeout(packageLoaderTestTimeout);\nfindFileInFolderHierarchyStub === null || findFileInFolderHierarchyStub === void 0 ? void 0 : findFileInFolderHierarchyStub.restore();\ngetVersionFromExtensionNodeModulesStub === null || getVersionFromExtensionNodeModulesStub === void 0 ? void 0 : getVersionFromExtensionNodeModulesStub.restore();\ntryToRequireAfterInstallSpy === null || tryToRequireAfterInstallSpy === void 0 ? void 0 : tryToRequireAfterInstallSpy.restore();\nsinon.restore(extensionHelper);\nrimraf.sync(sampleProjectNodeModulesPath);\nrimraf.sync(sampleProjectPackageLockJsonPath);",
                  "err": {},
                  "uuid": "cfcb1ebb-1398-4fc6-8832-4b3921f8fc56",
                  "parentUUID": "97e12760-f236-4833-bf09-b51f04889cea",
                  "isHook": true,
                  "skipped": false
                },
                {
                  "title": "\"after each\" hook in \"localNodeModules\"",
                  "fullTitle": "packageLoader localNodeModules \"after each\" hook in \"localNodeModules\"",
                  "timedOut": false,
                  "duration": 12,
                  "state": null,
                  "speed": null,
                  "pass": false,
                  "fail": false,
                  "pending": false,
                  "context": null,
                  "code": "this.timeout(packageLoaderTestTimeout);\nfindFileInFolderHierarchyStub === null || findFileInFolderHierarchyStub === void 0 ? void 0 : findFileInFolderHierarchyStub.reset();\ngetVersionFromExtensionNodeModulesStub === null || getVersionFromExtensionNodeModulesStub === void 0 ? void 0 : getVersionFromExtensionNodeModulesStub.reset();\ntryToRequireAfterInstallSpy === null || tryToRequireAfterInstallSpy === void 0 ? void 0 : tryToRequireAfterInstallSpy.reset();\nrimraf.sync(sampleProjectNodeModulesPath);\nrimraf.sync(sampleProjectPackageLockJsonPath);",
                  "err": {},
                  "uuid": "90bb8416-dbd2-4b41-9a48-e6ebda56a31d",
                  "parentUUID": "97e12760-f236-4833-bf09-b51f04889cea",
                  "isHook": true,
                  "skipped": false
                }
              ],
              "tests": [
                {
                  "title": "The package loader should install packages in node_modules where these packages are not present",
                  "fullTitle": "packageLoader localNodeModules The package loader should install packages in node_modules where these packages are not present",
                  "timedOut": false,
                  "duration": 1302,
                  "state": "passed",
                  "speed": "slow",
                  "pass": true,
                  "fail": false,
                  "pending": false,
                  "context": null,
                  "code": "return __awaiter(this, void 0, void 0, function* () {\n    this.timeout(packageLoaderTestTimeout);\n    // There is the problem with '--no-save' flag for 'npm install' command for npm v6.\n    // Installing npm dependencies with the `--no-save` flag will remove\n    // other dependencies that were installed in the same manner (https://github.com/npm/cli/issues/1460).\n    // So we should workaround it passing all packages for install to only one npm install command\n    const getMkdrip = packageLoader_1.PackageLoader.getInstance().generateGetPackageFunction(mkdirpPackageConfig, rimrafPackageFirst);\n    const getRimraf = packageLoader_1.PackageLoader.getInstance().generateGetPackageFunction(rimrafPackageFirst, mkdirpPackageConfig);\n    const [mkdirpPackage, rimrafPackage] = yield Promise.all([getMkdrip(), getRimraf()]);\n    assert.strictEqual(isNotEmptyPackage(rimrafPackage) && isNotEmptyPackage(mkdirpPackage), true, \"Not all packages has been installed and required\");\n    const installedVersionOfMkdirp = yield getPackageVersionsFromNodeModules(sampleProjectPath, mkdirpPackageConfig.getPackageName());\n    const installedVersionOfRimraf = yield getPackageVersionsFromNodeModules(sampleProjectPath, rimrafPackageFirst.getPackageName());\n    assert.strictEqual(installedVersionOfMkdirp, mkdirpPackageConfig.getVersion(), `Wrong installed version of ${mkdirpPackageConfig.getPackageName()} package`);\n    assert.strictEqual(installedVersionOfRimraf, rimrafPackageFirst.getVersion(), `Wrong installed version of ${rimrafPackageFirst.getPackageName()} package`);\n});",
                  "err": {},
                  "uuid": "2c367b32-70dc-4046-a067-0aa0750427ca",
                  "parentUUID": "97e12760-f236-4833-bf09-b51f04889cea",
                  "isHook": false,
                  "skipped": false
                },
                {
                  "title": "The package loader should not execute installation for packages that are already present in node_modules",
                  "fullTitle": "packageLoader localNodeModules The package loader should not execute installation for packages that are already present in node_modules",
                  "timedOut": false,
                  "duration": 885,
                  "state": "passed",
                  "speed": "slow",
                  "pass": true,
                  "fail": false,
                  "pending": false,
                  "context": null,
                  "code": "return __awaiter(this, void 0, void 0, function* () {\n    this.timeout(packageLoaderTestTimeout);\n    yield commandExecutor.spawn(hostPlatform_1.HostPlatform.getNpmCliCommand(\"npm\"), [\n        \"install\",\n        rimrafPackageFirst.getStringForInstall(),\n        \"--no-save\",\n    ]);\n    assert.strictEqual(yield getPackageVersionsFromNodeModules(sampleProjectPath, rimrafPackageFirst.getPackageName()), rimrafPackageFirst.getVersion(), \"Package was preinstalled with wrong version\");\n    const getRimraf = packageLoader_1.PackageLoader.getInstance().generateGetPackageFunction(rimrafPackageFirst);\n    assert.strictEqual(isNotEmptyPackage(yield getRimraf()), true, \"Package was not required\");\n    assert.strictEqual(tryToRequireAfterInstallSpy === null || tryToRequireAfterInstallSpy === void 0 ? void 0 : tryToRequireAfterInstallSpy.notCalled, true, \"Package loader executes installation for packages that already exist in node_modules\");\n    tryToRequireAfterInstallSpy === null || tryToRequireAfterInstallSpy === void 0 ? void 0 : tryToRequireAfterInstallSpy.reset();\n});",
                  "err": {},
                  "uuid": "b32117a3-0b3b-4579-acd7-a5037f5474fb",
                  "parentUUID": "97e12760-f236-4833-bf09-b51f04889cea",
                  "isHook": false,
                  "skipped": false
                },
                {
                  "title": "The package loader should install a package with the specific version if the package is already installed but with another version",
                  "fullTitle": "packageLoader localNodeModules The package loader should install a package with the specific version if the package is already installed but with another version",
                  "timedOut": false,
                  "duration": 1676,
                  "state": "passed",
                  "speed": "slow",
                  "pass": true,
                  "fail": false,
                  "pending": false,
                  "context": null,
                  "code": "return __awaiter(this, void 0, void 0, function* () {\n    this.timeout(packageLoaderTestTimeout);\n    yield commandExecutor.spawn(hostPlatform_1.HostPlatform.getNpmCliCommand(\"npm\"), [\n        \"install\",\n        rimrafPackageFirst.getStringForInstall(),\n        \"--no-save\",\n    ]);\n    assert.strictEqual(yield getPackageVersionsFromNodeModules(sampleProjectPath, rimrafPackageFirst.getPackageName()), rimrafPackageFirst.getVersion(), \"Package was preinstalled with wrong version\");\n    const getRimraf = packageLoader_1.PackageLoader.getInstance().generateGetPackageFunction(rimrafPackageSecond);\n    assert.strictEqual(isNotEmptyPackage(yield getRimraf()), true, \"Package was not required\");\n    assert.strictEqual(tryToRequireAfterInstallSpy === null || tryToRequireAfterInstallSpy === void 0 ? void 0 : tryToRequireAfterInstallSpy.calledOnce, true, \"Package loader not execute installation for packages that are already present in node_modules but with wrong version\");\n    tryToRequireAfterInstallSpy === null || tryToRequireAfterInstallSpy === void 0 ? void 0 : tryToRequireAfterInstallSpy.reset();\n    const installedVersionOfRimraf = yield getPackageVersionsFromNodeModules(sampleProjectPath, rimrafPackageSecond.getPackageName());\n    assert.strictEqual(installedVersionOfRimraf, rimrafPackageSecond.getVersion(), `Wrong installed version of ${rimrafPackageSecond.getPackageName()} package`);\n});",
                  "err": {},
                  "uuid": "b63d893f-e76c-4483-9568-154d0e160929",
                  "parentUUID": "97e12760-f236-4833-bf09-b51f04889cea",
                  "isHook": false,
                  "skipped": false
                },
                {
                  "title": "The package loader should install package and require specific subpath for this package",
                  "fullTitle": "packageLoader localNodeModules The package loader should install package and require specific subpath for this package",
                  "timedOut": false,
                  "duration": 841,
                  "state": "passed",
                  "speed": "slow",
                  "pass": true,
                  "fail": false,
                  "pending": false,
                  "context": null,
                  "code": "return __awaiter(this, void 0, void 0, function* () {\n    this.timeout(packageLoaderTestTimeout);\n    const getChalk = packageLoader_1.PackageLoader.getInstance().generateGetPackageFunction(chalkPackageConfig);\n    const chalkPackage = yield getChalk();\n    assert.strictEqual(isNotEmptyPackage(chalkPackage), true, \"Package was not required\");\n    assert.strictEqual(!!(chalkPackage.stringReplaceAll && chalkPackage.stringEncaseCRLFWithFirstIndex), true, \"Required package subpath does not contains all members. It means what there are problems with subpath requiring\");\n});",
                  "err": {},
                  "uuid": "77df76a0-4e34-4daf-b88f-1c7f8ceec9c4",
                  "parentUUID": "97e12760-f236-4833-bf09-b51f04889cea",
                  "isHook": false,
                  "skipped": false
                }
              ],
              "suites": [],
              "passes": [
                "2c367b32-70dc-4046-a067-0aa0750427ca",
                "b32117a3-0b3b-4579-acd7-a5037f5474fb",
                "b63d893f-e76c-4483-9568-154d0e160929",
                "77df76a0-4e34-4daf-b88f-1c7f8ceec9c4"
              ],
              "failures": [],
              "pending": [],
              "skipped": [],
              "duration": 4704,
              "root": false,
              "rootEmpty": false,
              "_timeout": 2000
            }
          ],
          "passes": [],
          "failures": [],
          "pending": [],
          "skipped": [],
          "duration": 0,
          "root": false,
          "rootEmpty": false,
          "_timeout": 2000
        },
        {
          "uuid": "d97b23e7-d403-4c14-9863-83192b479c6a",
          "title": "projectVersionHelper",
          "fullFile": "/home/vsts/work/1/s/test/common/projectVersionHelper.test.js",
          "file": "/test/common/projectVersionHelper.test.js",
          "beforeHooks": [],
          "afterHooks": [],
          "tests": [
            {
              "title": "getReactNativeVersionsFromProjectPackage should return object containing version strings if 'version' field is found in project's package.json file",
              "fullTitle": "projectVersionHelper getReactNativeVersionsFromProjectPackage should return object containing version strings if 'version' field is found in project's package.json file",
              "timedOut": false,
              "duration": 3,
              "state": "passed",
              "speed": "fast",
              "pass": true,
              "fail": false,
              "pending": false,
              "context": null,
              "code": "__awaiter(this, void 0, void 0, function* () {\n        let additionalPackages = [];\n        additionalPackages.push(projectVersionHelper_1.REACT_NATIVE_PACKAGES.REACT_NATIVE_WINDOWS);\n        const versions = yield projectVersionHelper_1.ProjectVersionHelper.getReactNativeVersionsFromProjectPackage(sampleReactNativeProjectDir, additionalPackages);\n        assert.strictEqual(versions.reactNativeVersion, \"0.65.0\");\n        assert.strictEqual(versions.reactNativeWindowsVersion, \"0.65.9\");\n    })",
              "err": {},
              "uuid": "27774543-18b6-4698-81ff-4612cc9488c3",
              "parentUUID": "d97b23e7-d403-4c14-9863-83192b479c6a",
              "isHook": false,
              "skipped": false
            },
            {
              "title": "getReactNativePackageVersionsFromNodeModules should throw ReactNativePackageIsNotInstalled error if the package is not installed",
              "fullTitle": "projectVersionHelper getReactNativePackageVersionsFromNodeModules should throw ReactNativePackageIsNotInstalled error if the package is not installed",
              "timedOut": false,
              "duration": 0,
              "state": "passed",
              "speed": "fast",
              "pass": true,
              "fail": false,
              "pending": false,
              "context": null,
              "code": "return projectVersionHelper_1.ProjectVersionHelper.getReactNativePackageVersionsFromNodeModules(nodeModulesRoot).catch(error => {\n    assert.strictEqual(error.errorCode, 606);\n});",
              "err": {},
              "uuid": "53f5bc1d-8028-4f94-9ca5-be7790f0debe",
              "parentUUID": "d97b23e7-d403-4c14-9863-83192b479c6a",
              "isHook": false,
              "skipped": false
            },
            {
              "title": "isVersionError should return true if a version string contains an error substring",
              "fullTitle": "projectVersionHelper isVersionError should return true if a version string contains an error substring",
              "timedOut": false,
              "duration": 0,
              "state": "passed",
              "speed": "fast",
              "pass": true,
              "fail": false,
              "pending": false,
              "context": null,
              "code": "assert.strictEqual(projectVersionHelper_1.ProjectVersionHelper.isVersionError(versionError_1.RN_VERSION_ERRORS.MISSING_DEPENDENCIES_FIELDS_IN_PROJECT_PACKAGE_FILE), true);\nassert.strictEqual(projectVersionHelper_1.ProjectVersionHelper.isVersionError(versionError_1.RN_VERSION_ERRORS.MISSING_PACKAGE_IN_NODE_MODULES), true);\nassert.strictEqual(projectVersionHelper_1.ProjectVersionHelper.isVersionError(versionError_1.RN_VERSION_ERRORS.MISSING_DEPENDENCY_IN_PROJECT_PACKAGE_FILE), true);\nassert.strictEqual(projectVersionHelper_1.ProjectVersionHelper.isVersionError(versionError_1.RN_VERSION_ERRORS.UNKNOWN_ERROR), true);\nassert.strictEqual(projectVersionHelper_1.ProjectVersionHelper.isVersionError(\"someError\"), true);\nassert.strictEqual(projectVersionHelper_1.ProjectVersionHelper.isVersionError(\"ERRORSTRING\"), true);\ndone();",
              "err": {},
              "uuid": "2324d47b-8dbd-482f-9559-b50848c946f7",
              "parentUUID": "d97b23e7-d403-4c14-9863-83192b479c6a",
              "isHook": false,
              "skipped": false
            },
            {
              "title": "isVersionError should return false if a version string doesn't contain an error substring",
              "fullTitle": "projectVersionHelper isVersionError should return false if a version string doesn't contain an error substring",
              "timedOut": false,
              "duration": 0,
              "state": "passed",
              "speed": "fast",
              "pass": true,
              "fail": false,
              "pending": false,
              "context": null,
              "code": "assert.strictEqual(projectVersionHelper_1.ProjectVersionHelper.isVersionError(\"^0.60.0-vnext.68\"), false);\nassert.strictEqual(projectVersionHelper_1.ProjectVersionHelper.isVersionError(\"https://github.com/expo/react-native/archive/sdk-35.0.0.tar.gz\"), false);\nassert.strictEqual(projectVersionHelper_1.ProjectVersionHelper.isVersionError(\"SemverInvalid\"), false);\nassert.strictEqual(projectVersionHelper_1.ProjectVersionHelper.isVersionError(\"0.61.0\"), false);\nassert.strictEqual(projectVersionHelper_1.ProjectVersionHelper.isVersionError(\"SemverInvalid: URL\"), false);\nassert.strictEqual(projectVersionHelper_1.ProjectVersionHelper.isVersionError(\"*\"), false);\ndone();",
              "err": {},
              "uuid": "780be886-60dd-4838-9731-8643c8b70837",
              "parentUUID": "d97b23e7-d403-4c14-9863-83192b479c6a",
              "isHook": false,
              "skipped": false
            },
            {
              "title": "processVersion should return semver valid version strings or correct error strings",
              "fullTitle": "projectVersionHelper processVersion should return semver valid version strings or correct error strings",
              "timedOut": false,
              "duration": 2,
              "state": "passed",
              "speed": "fast",
              "pass": true,
              "fail": false,
              "pending": false,
              "context": null,
              "code": "assert.strictEqual(projectVersionHelper_1.ProjectVersionHelper.processVersion(\"^0.60.0-vnext.68\", false), \"0.60.0-vnext.68\");\nassert.strictEqual(projectVersionHelper_1.ProjectVersionHelper.processVersion(\"=v0.60.0-vnext.68\", false), \"0.60.0-vnext.68\");\nassert.strictEqual(projectVersionHelper_1.ProjectVersionHelper.processVersion(\"1.0.0 - 2.9999.9999\", false), \"SemverInvalid\");\nassert.strictEqual(projectVersionHelper_1.ProjectVersionHelper.processVersion(\"latest\", false), \"SemverInvalid\");\nassert.strictEqual(projectVersionHelper_1.ProjectVersionHelper.processVersion(\"~1.2\", false), \"SemverInvalid\");\nassert.strictEqual(projectVersionHelper_1.ProjectVersionHelper.processVersion(\"2.x\", false), \"SemverInvalid\");\nassert.strictEqual(projectVersionHelper_1.ProjectVersionHelper.processVersion(\">=1.0.2\", false), \"1.0.2\");\nassert.strictEqual(projectVersionHelper_1.ProjectVersionHelper.processVersion(\"<3.0.0\", false), \"3.0.0\");\nassert.strictEqual(projectVersionHelper_1.ProjectVersionHelper.processVersion(\"0.61.0-rc.0\"), \"0.61.0\");\nassert.strictEqual(projectVersionHelper_1.ProjectVersionHelper.processVersion(\"~1.2.3-beta.1\"), \"1.2.3\");\nassert.strictEqual(projectVersionHelper_1.ProjectVersionHelper.processVersion(\"~0.61.3-dev\"), \"0.61.3\");\nassert.strictEqual(projectVersionHelper_1.ProjectVersionHelper.processVersion(\"v0.61.3-dev\"), \"0.61.3\");\nassert.strictEqual(projectVersionHelper_1.ProjectVersionHelper.processVersion(\"^0.61.2.0\"), \"0.61.2\");\nassert.strictEqual(projectVersionHelper_1.ProjectVersionHelper.processVersion(\"0.61.3\"), \"0.61.3\");\nassert.strictEqual(projectVersionHelper_1.ProjectVersionHelper.processVersion(\"https://github.com/expo/react-native/archive/sdk-35.0.0.tar.gz\"), \"SemverInvalid: URL\");\nassert.strictEqual(projectVersionHelper_1.ProjectVersionHelper.processVersion(\"/github.com/expo/react-native/archive/sdk-35.0.0.tar.gz\"), \"35.0.0\");\nassert.strictEqual(projectVersionHelper_1.ProjectVersionHelper.processVersion(\"git+https://git@github.com/test/test.git\"), \"SemverInvalid: URL\");\nassert.strictEqual(projectVersionHelper_1.ProjectVersionHelper.processVersion(\"/github.com/expo/react-native/archive/sdk\"), \"SemverInvalid\");\nassert.strictEqual(projectVersionHelper_1.ProjectVersionHelper.processVersion(\"qwertyuiop[]asdfghjk\"), \"SemverInvalid\");\nassert.strictEqual(projectVersionHelper_1.ProjectVersionHelper.processVersion(\"/Users/test/Data\"), \"SemverInvalid\");\nassert.strictEqual(projectVersionHelper_1.ProjectVersionHelper.processVersion(\"@#.str?/4568-7468/.fd\"), \"4568.0.0\");\nassert.strictEqual(projectVersionHelper_1.ProjectVersionHelper.processVersion(\"^str.0.61.str.2\"), \"0.61.0\");\nassert.strictEqual(projectVersionHelper_1.ProjectVersionHelper.processVersion(\"qwert  1 asdf\"), \"1.0.0\");\nassert.strictEqual(projectVersionHelper_1.ProjectVersionHelper.processVersion(\"^0.str.str.2\"), \"0.0.0\");\nassert.strictEqual(projectVersionHelper_1.ProjectVersionHelper.processVersion(\"\"), \"SemverInvalid\");\nassert.strictEqual(projectVersionHelper_1.ProjectVersionHelper.processVersion(\"1.0.x\"), \"1.0.0\");\nassert.strictEqual(projectVersionHelper_1.ProjectVersionHelper.processVersion(\"*.0.*\"), \"0.0.0\");\nassert.strictEqual(projectVersionHelper_1.ProjectVersionHelper.processVersion(\"~1.*\"), \"1.0.0\");\nassert.strictEqual(projectVersionHelper_1.ProjectVersionHelper.processVersion(\"1.0\"), \"1.0.0\");\nassert.strictEqual(projectVersionHelper_1.ProjectVersionHelper.processVersion(\"~1\"), \"1.0.0\");\nassert.strictEqual(projectVersionHelper_1.ProjectVersionHelper.processVersion(\"*\"), \"SemverInvalid\");\ndone();",
              "err": {},
              "uuid": "fff3437f-5ffd-434a-b510-def7c56d2f45",
              "parentUUID": "d97b23e7-d403-4c14-9863-83192b479c6a",
              "isHook": false,
              "skipped": false
            }
          ],
          "suites": [
            {
              "uuid": "17275c33-ef09-4827-97a4-2811e1a401c7",
              "title": "getReactNativeVersionsFromProjectWithIncorrectPackageJson",
              "fullFile": "/home/vsts/work/1/s/test/common/projectVersionHelper.test.js",
              "file": "/test/common/projectVersionHelper.test.js",
              "beforeHooks": [
                {
                  "title": "\"before all\" hook in \"getReactNativeVersionsFromProjectWithIncorrectPackageJson\"",
                  "fullTitle": "projectVersionHelper getReactNativeVersionsFromProjectWithIncorrectPackageJson \"before all\" hook in \"getReactNativeVersionsFromProjectWithIncorrectPackageJson\"",
                  "timedOut": false,
                  "duration": 0,
                  "state": null,
                  "speed": null,
                  "pass": false,
                  "fail": false,
                  "pending": false,
                  "context": null,
                  "code": "fs.writeFileSync(packageJsonPath, JSON.stringify(versionObj, null, 2));",
                  "err": {},
                  "uuid": "5193bd35-d13b-4895-963f-38ce67215f9e",
                  "parentUUID": "17275c33-ef09-4827-97a4-2811e1a401c7",
                  "isHook": true,
                  "skipped": false
                }
              ],
              "afterHooks": [
                {
                  "title": "\"after all\" hook in \"getReactNativeVersionsFromProjectWithIncorrectPackageJson\"",
                  "fullTitle": "projectVersionHelper getReactNativeVersionsFromProjectWithIncorrectPackageJson \"after all\" hook in \"getReactNativeVersionsFromProjectWithIncorrectPackageJson\"",
                  "timedOut": false,
                  "duration": 0,
                  "state": null,
                  "speed": null,
                  "pass": false,
                  "fail": false,
                  "pending": false,
                  "context": null,
                  "code": "fs.writeFileSync(packageJsonPath, packageJsonContent);",
                  "err": {},
                  "uuid": "31348b78-4c4c-47d2-9996-a870588f5201",
                  "parentUUID": "17275c33-ef09-4827-97a4-2811e1a401c7",
                  "isHook": true,
                  "skipped": false
                }
              ],
              "tests": [
                {
                  "title": "getReactNativeVersionsFromProjectPackage should return containing empty version strings if 'version' field isn't found in project's package.json file",
                  "fullTitle": "projectVersionHelper getReactNativeVersionsFromProjectWithIncorrectPackageJson getReactNativeVersionsFromProjectPackage should return containing empty version strings if 'version' field isn't found in project's package.json file",
                  "timedOut": false,
                  "duration": 1,
                  "state": "passed",
                  "speed": "fast",
                  "pass": true,
                  "fail": false,
                  "pending": false,
                  "context": null,
                  "code": "__awaiter(this, void 0, void 0, function* () {\n            let additionalPackages = [];\n            additionalPackages.push(projectVersionHelper_1.REACT_NATIVE_PACKAGES.REACT_NATIVE_WINDOWS);\n            const versions = yield projectVersionHelper_1.ProjectVersionHelper.getReactNativeVersionsFromProjectPackage(sampleReactNativeProjectDir, additionalPackages);\n            assert.strictEqual(versions.reactNativeVersion, \"errorMissingDependenciesFieldsInProjectPackageFile\");\n            assert.strictEqual(versions.reactNativeWindowsVersion, \"errorMissingDependenciesFieldsInProjectPackageFile\");\n        })",
                  "err": {},
                  "uuid": "f2dc68c8-e341-4085-90a5-e9398afb2ab9",
                  "parentUUID": "17275c33-ef09-4827-97a4-2811e1a401c7",
                  "isHook": false,
                  "skipped": false
                }
              ],
              "suites": [],
              "passes": [
                "f2dc68c8-e341-4085-90a5-e9398afb2ab9"
              ],
              "failures": [],
              "pending": [],
              "skipped": [],
              "duration": 1,
              "root": false,
              "rootEmpty": false,
              "_timeout": 2000
            },
            {
              "uuid": "0e72f934-9886-4b8e-a198-ecc0c09d0d6d",
              "title": "getReactNativeVersionsFromNodeModules",
              "fullFile": "/home/vsts/work/1/s/test/common/projectVersionHelper.test.js",
              "file": "/test/common/projectVersionHelper.test.js",
              "beforeHooks": [
                {
                  "title": "\"before all\" hook in \"getReactNativeVersionsFromNodeModules\"",
                  "fullTitle": "projectVersionHelper getReactNativeVersionsFromNodeModules \"before all\" hook in \"getReactNativeVersionsFromNodeModules\"",
                  "timedOut": false,
                  "duration": 0,
                  "state": null,
                  "speed": null,
                  "pass": false,
                  "fail": false,
                  "pending": false,
                  "context": null,
                  "code": "fsHelper.makeDirectoryRecursiveSync(reactNativePackageDir);\nfsHelper.makeDirectoryRecursiveSync(reactNativeWindowsPackageDir);",
                  "err": {},
                  "uuid": "58eb04c4-3b3b-41d5-b450-87749b17179c",
                  "parentUUID": "0e72f934-9886-4b8e-a198-ecc0c09d0d6d",
                  "isHook": true,
                  "skipped": false
                }
              ],
              "afterHooks": [
                {
                  "title": "\"after all\" hook in \"getReactNativeVersionsFromNodeModules\"",
                  "fullTitle": "projectVersionHelper getReactNativeVersionsFromNodeModules \"after all\" hook in \"getReactNativeVersionsFromNodeModules\"",
                  "timedOut": false,
                  "duration": 0,
                  "state": null,
                  "speed": null,
                  "pass": false,
                  "fail": false,
                  "pending": false,
                  "context": null,
                  "code": "fsHelper.removePathRecursivelySync(path.join(sampleReactNativeProjectDir, \"node_modules\"));",
                  "err": {},
                  "uuid": "c59f12e7-0dae-411d-8efe-9dcc8fa72630",
                  "parentUUID": "0e72f934-9886-4b8e-a198-ecc0c09d0d6d",
                  "isHook": true,
                  "skipped": false
                }
              ],
              "tests": [
                {
                  "title": "getReactNativePackageVersionsFromNodeModules should return object containing packages versions if 'version' field is found in react-native and react-native-windows packages package.json files from node_modules",
                  "fullTitle": "projectVersionHelper getReactNativeVersionsFromNodeModules getReactNativePackageVersionsFromNodeModules should return object containing packages versions if 'version' field is found in react-native and react-native-windows packages package.json files from node_modules",
                  "timedOut": false,
                  "duration": 0,
                  "state": "passed",
                  "speed": "fast",
                  "pass": true,
                  "fail": false,
                  "pending": false,
                  "context": null,
                  "code": "__awaiter(this, void 0, void 0, function* () {\n            const reactNativeVersionObj = {\n                version: \"^0.20.0\",\n            };\n            const reactNativeWindowsVersionObj = {\n                version: \"^0.60.0-vnext.68\",\n            };\n            fs.writeFileSync(path.join(reactNativePackageDir, \"package.json\"), JSON.stringify(reactNativeVersionObj, null, 2));\n            fs.writeFileSync(path.join(reactNativeWindowsPackageDir, \"package.json\"), JSON.stringify(reactNativeWindowsVersionObj, null, 2));\n            let additionalPackages = [];\n            additionalPackages.push(projectVersionHelper_1.REACT_NATIVE_PACKAGES.REACT_NATIVE_WINDOWS);\n            const versions = yield projectVersionHelper_1.ProjectVersionHelper.getReactNativePackageVersionsFromNodeModules(nodeModulesRoot, additionalPackages);\n            assert.strictEqual(versions.reactNativeVersion, \"0.20.0\");\n            assert.strictEqual(versions.reactNativeWindowsVersion, \"0.60.0-vnext.68\");\n        })",
                  "err": {},
                  "uuid": "081be8f6-cb1b-4959-af6e-df8f472ef9e0",
                  "parentUUID": "0e72f934-9886-4b8e-a198-ecc0c09d0d6d",
                  "isHook": false,
                  "skipped": false
                },
                {
                  "title": "getReactNativePackageVersionsFromNodeModules should return object containing strings if version field is an URL",
                  "fullTitle": "projectVersionHelper getReactNativeVersionsFromNodeModules getReactNativePackageVersionsFromNodeModules should return object containing strings if version field is an URL",
                  "timedOut": false,
                  "duration": 1,
                  "state": "passed",
                  "speed": "fast",
                  "pass": true,
                  "fail": false,
                  "pending": false,
                  "context": null,
                  "code": "__awaiter(this, void 0, void 0, function* () {\n            const versionObj = {\n                version: \"https://github.com/expo/react-native/archive/sdk-35.0.0.tar.gz\",\n            };\n            fs.writeFileSync(path.join(reactNativePackageDir, \"package.json\"), JSON.stringify(versionObj, null, 2));\n            const versions = yield projectVersionHelper_1.ProjectVersionHelper.getReactNativePackageVersionsFromNodeModules(nodeModulesRoot);\n            assert.strictEqual(versions.reactNativeVersion, \"SemverInvalid: URL\");\n        })",
                  "err": {},
                  "uuid": "7d6dd24e-48e3-4c7e-857e-6d39aea2305a",
                  "parentUUID": "0e72f934-9886-4b8e-a198-ecc0c09d0d6d",
                  "isHook": false,
                  "skipped": false
                }
              ],
              "suites": [],
              "passes": [
                "081be8f6-cb1b-4959-af6e-df8f472ef9e0",
                "7d6dd24e-48e3-4c7e-857e-6d39aea2305a"
              ],
              "failures": [],
              "pending": [],
              "skipped": [],
              "duration": 1,
              "root": false,
              "rootEmpty": false,
              "_timeout": 2000
            }
          ],
          "passes": [
            "27774543-18b6-4698-81ff-4612cc9488c3",
            "53f5bc1d-8028-4f94-9ca5-be7790f0debe",
            "2324d47b-8dbd-482f-9559-b50848c946f7",
            "780be886-60dd-4838-9731-8643c8b70837",
            "fff3437f-5ffd-434a-b510-def7c56d2f45"
          ],
          "failures": [],
          "pending": [],
          "skipped": [],
          "duration": 5,
          "root": false,
          "rootEmpty": false,
          "_timeout": 2000
        },
        {
          "uuid": "5df252bb-2954-4551-a023-bcf32b3ebd67",
          "title": "ReactNativeProjectHelper",
          "fullFile": "/home/vsts/work/1/s/test/common/reactNativeProjectHelper.test.js",
          "file": "/test/common/reactNativeProjectHelper.test.js",
          "beforeHooks": [],
          "afterHooks": [],
          "tests": [],
          "suites": [
            {
              "uuid": "4b9a5bee-d10b-4f3f-83a2-95ba8c7d77c1",
              "title": "isAndroidHermesEnabled",
              "fullFile": "/home/vsts/work/1/s/test/common/reactNativeProjectHelper.test.js",
              "file": "/test/common/reactNativeProjectHelper.test.js",
              "beforeHooks": [
                {
                  "title": "\"before all\" hook in \"isAndroidHermesEnabled\"",
                  "fullTitle": "ReactNativeProjectHelper isAndroidHermesEnabled \"before all\" hook in \"isAndroidHermesEnabled\"",
                  "timedOut": false,
                  "duration": 0,
                  "state": null,
                  "speed": null,
                  "pass": false,
                  "fail": false,
                  "pending": false,
                  "context": null,
                  "code": "fsHelper.makeDirectoryRecursiveSync(path.dirname(buildGradleFilePath));",
                  "err": {},
                  "uuid": "db5fa0a3-a439-4834-8145-ac13f152824b",
                  "parentUUID": "4b9a5bee-d10b-4f3f-83a2-95ba8c7d77c1",
                  "isHook": true,
                  "skipped": false
                }
              ],
              "afterHooks": [
                {
                  "title": "\"after all\" hook in \"isAndroidHermesEnabled\"",
                  "fullTitle": "ReactNativeProjectHelper isAndroidHermesEnabled \"after all\" hook in \"isAndroidHermesEnabled\"",
                  "timedOut": false,
                  "duration": 0,
                  "state": null,
                  "speed": null,
                  "pass": false,
                  "fail": false,
                  "pending": false,
                  "context": null,
                  "code": "fsHelper.removePathRecursivelySync(path.join(sampleReactNativeProjectDir, \"android\"));",
                  "err": {},
                  "uuid": "cbc7f521-14bb-4638-9013-4dd08ca4f721",
                  "parentUUID": "4b9a5bee-d10b-4f3f-83a2-95ba8c7d77c1",
                  "isHook": true,
                  "skipped": false
                }
              ],
              "tests": [
                {
                  "title": "isAndroidHermesEnabled should return 'true' if Hermes engine is enabled in the build.gradle file",
                  "fullTitle": "ReactNativeProjectHelper isAndroidHermesEnabled isAndroidHermesEnabled should return 'true' if Hermes engine is enabled in the build.gradle file",
                  "timedOut": false,
                  "duration": 0,
                  "state": "passed",
                  "speed": "fast",
                  "pass": true,
                  "fail": false,
                  "pending": false,
                  "context": null,
                  "code": "const buildGradleFileContent = \"project.ext.react = [\\nenableHermes: true,  // clean and rebuild if changing\\n]\";\nfs.writeFileSync(buildGradleFilePath, buildGradleFileContent);\nconst androidHermesEnabled = reactNativeProjectHelper_1.ReactNativeProjectHelper.isAndroidHermesEnabled(sampleReactNativeProjectDir);\nassert.strictEqual(androidHermesEnabled, true);",
                  "err": {},
                  "uuid": "468c579a-5469-4288-b025-cef6632edb87",
                  "parentUUID": "4b9a5bee-d10b-4f3f-83a2-95ba8c7d77c1",
                  "isHook": false,
                  "skipped": false
                },
                {
                  "title": "isAndroidHermesEnabled should return 'false' if Hermes engine is disabled in the build.gradle file",
                  "fullTitle": "ReactNativeProjectHelper isAndroidHermesEnabled isAndroidHermesEnabled should return 'false' if Hermes engine is disabled in the build.gradle file",
                  "timedOut": false,
                  "duration": 0,
                  "state": "passed",
[...]
              "title": "setKnownDateForFeatureById",
              "fullFile": "/home/vsts/work/1/s/test/extension/tipsNotificationService/tipsNotificationService.test.js",
              "file": "/test/extension/tipsNotificationService/tipsNotificationService.test.js",
              "beforeHooks": [],
              "afterHooks": [],
              "tests": [
                {
                  "title": "should add knownDate to a general tip",
                  "fullTitle": "tipNotificationService setKnownDateForFeatureById should add knownDate to a general tip",
                  "timedOut": false,
                  "duration": 14,
                  "state": "passed",
                  "speed": "fast",
                  "pass": true,
                  "fail": false,
                  "pending": false,
                  "context": null,
                  "code": "__awaiter(this, void 0, void 0, function* () {\n            yield tipNotificationService.initializeTipsConfig();\n            const tipKey = \"debuggingRNWAndMacOSApps\";\n            yield tipNotificationService.setKnownDateForFeatureById(tipKey);\n            const tipsConfigAfterAddingKnownDate = config.get(tipsConfigName);\n            assert.strictEqual(typeof tipsConfigAfterAddingKnownDate.tips.generalTips[tipKey].knownDate, \"string\", `knownDate of ${tipKey} isn't set`);\n            yield tipNotificationService.setKnownDateForFeatureById(tipKey);\n            const tipsConfigAfterUpdatingKnownDate = config.get(tipsConfigName);\n            const addedKnownDate = new Date(tipsConfigAfterAddingKnownDate.tips.generalTips[tipKey].knownDate);\n            const updatedKnownDate = new Date(tipsConfigAfterUpdatingKnownDate.tips.generalTips[tipKey].knownDate);\n            assert.strictEqual(updatedKnownDate.getTime() > addedKnownDate.getTime(), true);\n        })",
                  "err": {},
                  "uuid": "b781012d-70f1-4998-8026-0e64d62dcdea",
                  "parentUUID": "20732208-2897-4280-a29d-0d4bb2d666d4",
                  "isHook": false,
                  "skipped": false
                },
                {
                  "title": "should add knownDate to a specific tip",
                  "fullTitle": "tipNotificationService setKnownDateForFeatureById should add knownDate to a specific tip",
                  "timedOut": false,
                  "duration": 32,
                  "state": "passed",
                  "speed": "fast",
                  "pass": true,
                  "fail": false,
                  "pending": false,
                  "context": null,
                  "code": "__awaiter(this, void 0, void 0, function* () {\n            yield tipNotificationService.initializeTipsConfig();\n            const tipKey = \"networkInspectorLogsColorTheme\";\n            yield tipNotificationService.setKnownDateForFeatureById(tipKey, false);\n            const tipsConfigAfter = config.get(tipsConfigName);\n            assert.strictEqual(typeof tipsConfigAfter.tips.specificTips[tipKey].knownDate, \"string\", `knownDate of ${tipKey} isn't set`);\n        })",
                  "err": {},
                  "uuid": "6a8b64be-0e5e-4754-85ce-c8ae5f0c72da",
                  "parentUUID": "20732208-2897-4280-a29d-0d4bb2d666d4",
                  "isHook": false,
                  "skipped": false
                }
              ],
              "suites": [],
              "passes": [
                "b781012d-70f1-4998-8026-0e64d62dcdea",
                "6a8b64be-0e5e-4754-85ce-c8ae5f0c72da"
              ],
              "failures": [],
              "pending": [],
              "skipped": [],
              "duration": 46,
              "root": false,
              "rootEmpty": false,
              "_timeout": 2000
            },
            {
              "uuid": "fa272f67-f92a-4360-9c1b-56bf084e2fdd",
              "title": "updateTipsConfig",
              "fullFile": "/home/vsts/work/1/s/test/extension/tipsNotificationService/tipsNotificationService.test.js",
              "file": "/test/extension/tipsNotificationService/tipsNotificationService.test.js",
              "beforeHooks": [],
              "afterHooks": [],
              "tests": [
                {
                  "title": "should update config after deleting a tip from storage",
                  "fullTitle": "tipNotificationService updateTipsConfig should update config after deleting a tip from storage",
                  "timedOut": false,
                  "duration": 82,
                  "state": "passed",
                  "speed": "slow",
                  "pass": true,
                  "fail": false,
                  "pending": false,
                  "context": null,
                  "code": "__awaiter(this, void 0, void 0, function* () {\n            const mockedTipsNotificationServiceBefore = proxyquire(tipsNotificationServicePath, {\n                \"./tipsStorage\": {\n                    default: mockedTipsStorageBefore,\n                },\n            })[\"TipNotificationService\"];\n            const mockedTipsNotificationServiceInstanceBefore = mockedTipsNotificationServiceBefore.getInstance();\n            yield mockedTipsNotificationServiceInstanceBefore.initializeTipsConfig();\n            const tipsConfigInitial = (mockedTipsNotificationServiceInstanceBefore).parseDatesInRawConfig(config.get(tipsConfigName));\n            const mockedTipsStorageAfter = {\n                generalTips: {\n                    elementInspector: {\n                        text: \"Element Inspector Tip Text\",\n                        anchorLink: \"#react-native-commands-in-the-command-palette\",\n                    },\n                },\n                specificTips: {\n                    networkInspectorLogsColorTheme: {\n                        text: \"Network Inspector Logs Tip Text\",\n                        anchorLink: \"#network-inspector-logs-theme\",\n                    },\n                },\n            };\n            const mockedTipsNotificationServiceAfter = proxyquire(tipsNotificationServicePath, {\n                \"./tipsStorage\": {\n                    default: mockedTipsStorageAfter,\n                },\n            })[\"TipNotificationService\"];\n            const mockedTipsNotificationServiceInstanceAfter = mockedTipsNotificationServiceAfter.getInstance();\n            yield mockedTipsNotificationServiceInstanceAfter.updateTipsConfig();\n            const tipsConfigUpdated = (mockedTipsNotificationServiceInstanceAfter).parseDatesInRawConfig(config.get(tipsConfigName));\n            const expectedTipsConfigGeneralTipsAfter = {\n                elementInspector: {},\n            };\n            const expectedTipsConfigSpecificTipsAfter = {\n                networkInspectorLogsColorTheme: {},\n            };\n            assert.notDeepStrictEqual(tipsConfigInitial, tipsConfigUpdated);\n            assert.deepStrictEqual(tipsConfigInitial.tips.generalTips, expectedTipsConfigGeneralTipsBefore);\n            assert.deepStrictEqual(tipsConfigInitial.tips.specificTips, expectedTipsConfigSpecificTipsBefore);\n            assert.deepStrictEqual(tipsConfigUpdated.tips.generalTips, expectedTipsConfigGeneralTipsAfter);\n            assert.deepStrictEqual(tipsConfigUpdated.tips.specificTips, expectedTipsConfigSpecificTipsAfter);\n        })",
                  "err": {},
                  "uuid": "7d0b117b-7dec-4365-b0dc-5adf926cc61b",
                  "parentUUID": "fa272f67-f92a-4360-9c1b-56bf084e2fdd",
                  "isHook": false,
                  "skipped": false
                },
                {
                  "title": "should update config after adding a tip to storage",
                  "fullTitle": "tipNotificationService updateTipsConfig should update config after adding a tip to storage",
                  "timedOut": false,
                  "duration": 77,
                  "state": "passed",
                  "speed": "slow",
                  "pass": true,
                  "fail": false,
                  "pending": false,
                  "context": null,
                  "code": "__awaiter(this, void 0, void 0, function* () {\n            const mockedTipsNotificationServiceBefore = proxyquire(tipsNotificationServicePath, {\n                \"./tipsStorage\": {\n                    default: mockedTipsStorageBefore,\n                },\n            })[\"TipNotificationService\"];\n            const mockedTipsNotificationServiceInstanceBefore = mockedTipsNotificationServiceBefore.getInstance();\n            yield settingsHelper_1.SettingsHelper.setShowTips(false);\n            yield mockedTipsNotificationServiceInstanceBefore.initializeTipsConfig();\n            const tipsConfigInitial = (mockedTipsNotificationServiceInstanceBefore).parseDatesInRawConfig(config.get(tipsConfigName));\n            const mockedTipsStorageAfter = {\n                generalTips: {\n                    elementInspector: {\n                        text: \"Element Inspector Tip Text\",\n                        anchorLink: \"#react-native-commands-in-the-command-palette\",\n                    },\n                    customEnvVariables: {\n                        text: \"Custom Env Variables Tip Text\",\n                        anchorLink: \"#custom-environment-variables\",\n                    },\n                    networkInspector: {\n                        text: \"Network Inspector Tip Text\",\n                        anchorLink: \"#network-inspector\",\n                    },\n                },\n                specificTips: {\n                    networkInspectorLogsColorTheme: {\n                        text: \"Network Inspector Logs Tip Text\",\n                        anchorLink: \"#network-inspector-logs-theme\",\n                    },\n                },\n            };\n            const mockedTipsNotificationServiceAfter = proxyquire(tipsNotificationServicePath, {\n                \"./tipsStorage\": {\n                    default: mockedTipsStorageAfter,\n                },\n            })[\"TipNotificationService\"];\n            const mockedTipsNotificationServiceInstanceAfter = mockedTipsNotificationServiceAfter.getInstance();\n            yield mockedTipsNotificationServiceInstanceAfter.updateTipsConfig();\n            const tipsConfigUpdated = (mockedTipsNotificationServiceInstanceAfter).parseDatesInRawConfig(config.get(tipsConfigName));\n            const expectedTipsConfigGeneralTipsAfter = {\n                elementInspector: {},\n                customEnvVariables: {},\n                networkInspector: {},\n            };\n            const expectedTipsConfigSpecificTipsAfter = {\n                networkInspectorLogsColorTheme: {},\n            };\n            assert.notDeepStrictEqual(tipsConfigInitial, tipsConfigUpdated);\n            assert.deepStrictEqual(tipsConfigInitial.tips.generalTips, expectedTipsConfigGeneralTipsBefore);\n            assert.deepStrictEqual(tipsConfigInitial.tips.specificTips, expectedTipsConfigSpecificTipsBefore);\n            assert.deepStrictEqual(tipsConfigUpdated.tips.generalTips, expectedTipsConfigGeneralTipsAfter);\n            assert.deepStrictEqual(tipsConfigUpdated.tips.specificTips, expectedTipsConfigSpecificTipsAfter);\n        })",
                  "err": {},
                  "uuid": "3adb4a2b-142f-4022-918a-d98e38ea825e",
                  "parentUUID": "fa272f67-f92a-4360-9c1b-56bf084e2fdd",
                  "isHook": false,
                  "skipped": false
                },
                {
                  "title": "should update config after updating tips storage",
                  "fullTitle": "tipNotificationService updateTipsConfig should update config after updating tips storage",
                  "timedOut": false,
                  "duration": 78,
                  "state": "passed",
                  "speed": "slow",
                  "pass": true,
                  "fail": false,
                  "pending": false,
                  "context": null,
                  "code": "__awaiter(this, void 0, void 0, function* () {\n            const mockedTipsNotificationServiceBefore = proxyquire(tipsNotificationServicePath, {\n                \"./tipsStorage\": {\n                    default: mockedTipsStorageBefore,\n                },\n            })[\"TipNotificationService\"];\n            const mockedTipsNotificationServiceInstanceBefore = mockedTipsNotificationServiceBefore.getInstance();\n            yield mockedTipsNotificationServiceInstanceBefore.initializeTipsConfig();\n            const tipsConfigInitial = (mockedTipsNotificationServiceInstanceBefore).parseDatesInRawConfig(config.get(tipsConfigName));\n            const mockedTipsStorageAfter = {\n                generalTips: {\n                    elementInspector: {\n                        text: \"Element Inspector Tip Text\",\n                        anchorLink: \"#react-native-commands-in-the-command-palette\",\n                    },\n                    networkInspector: {\n                        text: \"Network Inspector Tip Text\",\n                        anchorLink: \"#network-inspector\",\n                    },\n                },\n                specificTips: {\n                    networkInspectorLogsColorTheme: {\n                        text: \"Network Inspector Logs Tip Text\",\n                        anchorLink: \"#network-inspector-logs-theme\",\n                    },\n                },\n            };\n            const mockedTipsNotificationServiceAfter = proxyquire(tipsNotificationServicePath, {\n                \"./tipsStorage\": {\n                    default: mockedTipsStorageAfter,\n                },\n            })[\"TipNotificationService\"];\n            const mockedTipsNotificationServiceInstanceAfter = mockedTipsNotificationServiceAfter.getInstance();\n            yield mockedTipsNotificationServiceInstanceAfter.updateTipsConfig();\n            const tipsConfigUpdated = (mockedTipsNotificationServiceInstanceAfter).parseDatesInRawConfig(config.get(tipsConfigName));\n            const expectedTipsConfigGeneralTipsAfter = {\n                elementInspector: {},\n                networkInspector: {},\n            };\n            const expectedTipsConfigSpecificTipsAfter = {\n                networkInspectorLogsColorTheme: {},\n            };\n            assert.notDeepStrictEqual(tipsConfigInitial, tipsConfigUpdated);\n            assert.deepStrictEqual(tipsConfigInitial.tips.generalTips, expectedTipsConfigGeneralTipsBefore);\n            assert.deepStrictEqual(tipsConfigInitial.tips.specificTips, expectedTipsConfigSpecificTipsBefore);\n            assert.deepStrictEqual(tipsConfigUpdated.tips.generalTips, expectedTipsConfigGeneralTipsAfter);\n            assert.deepStrictEqual(tipsConfigUpdated.tips.specificTips, expectedTipsConfigSpecificTipsAfter);\n        })",
                  "err": {},
                  "uuid": "db9bb874-f323-47c7-9363-81305db5ebd7",
                  "parentUUID": "fa272f67-f92a-4360-9c1b-56bf084e2fdd",
                  "isHook": false,
                  "skipped": false
                }
              ],
              "suites": [],
              "passes": [
                "7d0b117b-7dec-4365-b0dc-5adf926cc61b",
                "3adb4a2b-142f-4022-918a-d98e38ea825e",
                "db9bb874-f323-47c7-9363-81305db5ebd7"
              ],
              "failures": [],
              "pending": [],
              "skipped": [],
              "duration": 237,
              "root": false,
              "rootEmpty": false,
              "_timeout": 2000
            }
          ],
          "passes": [],
          "failures": [],
          "pending": [],
          "skipped": [],
          "duration": 0,
          "root": false,
          "rootEmpty": false,
          "_timeout": 2000
        },
        {
          "uuid": "11e69a3c-dd77-49c5-8365-6c0c413736c7",
          "title": "localizationTest",
          "fullFile": "/home/vsts/work/1/s/test/localization/localization.test.js",
          "file": "/test/localization/localization.test.js",
          "beforeHooks": [],
          "afterHooks": [],
          "tests": [],
          "suites": [
            {
              "uuid": "13e7e78e-7cd2-4c4b-86a6-5528457823e4",
              "title": "localizationContext",
              "fullFile": "/home/vsts/work/1/s/test/localization/localization.test.js",
              "file": "/test/localization/localization.test.js",
              "beforeHooks": [],
              "afterHooks": [],
              "tests": [
                {
                  "title": "localize should show correct message on Russian for CommandFailed error",
                  "fullTitle": "localizationTest localizationContext localize should show correct message on Russian for CommandFailed error",
                  "timedOut": false,
                  "duration": 0,
                  "state": null,
                  "speed": null,
                  "pass": false,
                  "fail": false,
                  "pending": false,
                  "context": null,
                  "code": "assert.strictEqual(commandFailedErrorChs.message, \"执行命令 IncorrectCommand 时出错 (error code 101)\");\ndone();",
                  "err": {},
                  "uuid": "00beee4c-7d67-40b9-a135-2a72e88d104b",
                  "parentUUID": null,
                  "isHook": false,
                  "skipped": true
                },
                {
                  "title": "localize should show correct message on Russian for iOSDeployNotFound error",
                  "fullTitle": "localizationTest localizationContext localize should show correct message on Russian for iOSDeployNotFound error",
                  "timedOut": false,
                  "duration": 0,
                  "state": null,
                  "speed": null,
                  "pass": false,
                  "fail": false,
                  "pending": false,
                  "context": null,
                  "code": "assert.strictEqual(iosDeployErrorChs.message, \"找不到 iOS 部署。请确保全局安装该部署(npm install -g ios-deploy) (error code 201)\");\ndone();",
                  "err": {},
                  "uuid": "91654dde-034d-42f5-ae1c-af80859f67b9",
                  "parentUUID": null,
                  "isHook": false,
                  "skipped": true
                }
              ],
              "suites": [],
              "passes": [],
              "failures": [],
              "pending": [],
              "skipped": [
                "00beee4c-7d67-40b9-a135-2a72e88d104b",
                "91654dde-034d-42f5-ae1c-af80859f67b9"
              ],
              "duration": 0,
              "root": false,
              "rootEmpty": false,
              "_timeout": 2000
            }
          ],
          "passes": [],
          "failures": [],
          "pending": [],
          "skipped": [],
          "duration": 0,
          "root": false,
          "rootEmpty": false,
          "_timeout": 2000
        }
      ],
      "passes": [
        "810081e1-6f94-4538-b4f7-cf686b5c6b7f",
        "2afc5107-6614-4325-ae75-f36953d77819",
        "28f91e7c-666e-4ea4-bef9-104fafa13eb1"
      ],
      "failures": [],
      "pending": [],
      "skipped": [],
      "duration": 1,
      "root": true,
      "rootEmpty": false,
      "_timeout": 2000
    }
  ],
  "meta": {
    "mocha": {
      "version": "9.2.0"
    },
    "mochawesome": {
      "options": {
        "quiet": true,
        "reportFilename": "Rn-Test-Report",
        "saveHtml": true,
        "saveJson": true,
        "consoleReporter": "spec",
        "useInlineDiffs": false,
        "code": true
      },
      "version": "7.1.3"
    },
    "marge": {
      "options": {
        "id": "default",
        "reportDir": "/home/vsts/work/1/s/mochawesome-report",
        "reportFilename": "Rn-Test-Report",
        "quiet": true
      },
      "version": "6.2.0"
    }
  }
}